
*** Running vivado
    with args -log mb_block_axi_gpio_2_0.vds -m64 -product Vivado -mode batch -messageDb vivado.pb -notrace -source mb_block_axi_gpio_2_0.tcl


****** Vivado v2022.2 (64-bit)
  **** SW Build 3671981 on Fri Oct 14 04:59:54 MDT 2022
  **** IP Build 3669848 on Fri Oct 14 08:30:02 MDT 2022
    ** Copyright 1986-2022 Xilinx, Inc. All Rights Reserved.

source mb_block_axi_gpio_2_0.tcl -notrace
create_project: Time (s): cpu = 00:00:05 ; elapsed = 00:00:07 . Memory (MB): peak = 2574.555 ; gain = 2.156 ; free physical = 70 ; free virtual = 2552
INFO: [IP_Flow 19-234] Refreshing IP repositories
INFO: [IP_Flow 19-1700] Loaded user IP repository '/home/user/downloads/hdmi_tx_1.0'.
INFO: [IP_Flow 19-2313] Loaded Vivado IP repository '/home/user/Xilinx/Vivado/2022.2/data/ip'.
INFO: [IP_Flow 19-6924] IPCACHE: Running cache check for IP inst: mb_block_axi_gpio_2_0
Command: synth_design -top mb_block_axi_gpio_2_0 -part xc7s50csga324-1 -incremental_mode off -mode out_of_context
Starting synth_design
Attempting to get a license for feature 'Synthesis' and/or device 'xc7s50'
INFO: [Common 17-349] Got license for feature 'Synthesis' and/or device 'xc7s50'
INFO: [Device 21-403] Loading part xc7s50csga324-1
INFO: [Synth 8-7079] Multithreading enabled for synth_design using a maximum of 4 processes.
INFO: [Synth 8-7078] Launching helper process for spawning children vivado processes
INFO: [Synth 8-7075] Helper process launched with PID 1094
INFO: [Synth 8-11241] undeclared symbol 'REGCCE', assumed default net type 'wire' [/home/user/Xilinx/Vivado/2022.2/data/verilog/src/unimacro/BRAM_SINGLE_MACRO.v:2170]
---------------------------------------------------------------------------------
Starting RTL Elaboration : Time (s): cpu = 00:00:05 ; elapsed = 00:00:14 . Memory (MB): peak = 3297.105 ; gain = 376.195 ; free physical = 87 ; free virtual = 1444
Synthesis current peak Physical Memory [PSS] (MB): peak = 1891.234; parent = 1355.622; children = 535.612
Synthesis current peak Virtual Memory [VSS] (MB): peak = 7815.094; parent = 3303.082; children = 4512.012
---------------------------------------------------------------------------------
INFO: [Synth 8-638] synthesizing module 'mb_block_axi_gpio_2_0' [/home/user/projects/tetris/tetris.gen/sources_1/bd/mb_block/ip/mb_block_axi_gpio_2_0/synth/mb_block_axi_gpio_2_0.vhd:84]
	Parameter C_FAMILY bound to: spartan7 - type: string 
	Parameter C_S_AXI_ADDR_WIDTH bound to: 9 - type: integer 
	Parameter C_S_AXI_DATA_WIDTH bound to: 32 - type: integer 
	Parameter C_GPIO_WIDTH bound to: 1 - type: integer 
	Parameter C_GPIO2_WIDTH bound to: 32 - type: integer 
	Parameter C_ALL_INPUTS bound to: 0 - type: integer 
	Parameter C_ALL_INPUTS_2 bound to: 0 - type: integer 
	Parameter C_ALL_OUTPUTS bound to: 1 - type: integer 
	Parameter C_ALL_OUTPUTS_2 bound to: 0 - type: integer 
	Parameter C_INTERRUPT_PRESENT bound to: 0 - type: integer 
	Parameter C_DOUT_DEFAULT bound to: 32'b00000000000000000000000000000000 
	Parameter C_TRI_DEFAULT bound to: 32'b11111111111111111111111111111111 
	Parameter C_IS_DUAL bound to: 0 - type: integer 
	Parameter C_DOUT_DEFAULT_2 bound to: 32'b00000000000000000000000000000000 
	Parameter C_TRI_DEFAULT_2 bound to: 32'b11111111111111111111111111111111 
INFO: [Synth 8-3491] module 'axi_gpio' declared at '/home/user/projects/tetris/tetris.gen/sources_1/bd/mb_block/ipshared/6219/hdl/axi_gpio_v2_0_vh_rfs.vhd:1265' bound to instance 'U0' of component 'axi_gpio' [/home/user/projects/tetris/tetris.gen/sources_1/bd/mb_block/ip/mb_block_axi_gpio_2_0/synth/mb_block_axi_gpio_2_0.vhd:168]
INFO: [Synth 8-638] synthesizing module 'axi_gpio' [/home/user/projects/tetris/tetris.gen/sources_1/bd/mb_block/ipshared/6219/hdl/axi_gpio_v2_0_vh_rfs.vhd:1351]
INFO: [Synth 8-638] synthesizing module 'axi_lite_ipif' [/home/user/projects/tetris/tetris.gen/sources_1/bd/mb_block/ipshared/66ea/hdl/axi_lite_ipif_v3_0_vh_rfs.vhd:2948]
INFO: [Synth 8-638] synthesizing module 'slave_attachment' [/home/user/projects/tetris/tetris.gen/sources_1/bd/mb_block/ipshared/66ea/hdl/axi_lite_ipif_v3_0_vh_rfs.vhd:2341]
INFO: [Synth 8-638] synthesizing module 'address_decoder' [/home/user/projects/tetris/tetris.gen/sources_1/bd/mb_block/ipshared/66ea/hdl/axi_lite_ipif_v3_0_vh_rfs.vhd:1775]
INFO: [Synth 8-638] synthesizing module 'pselect_f' [/home/user/projects/tetris/tetris.gen/sources_1/bd/mb_block/ipshared/66ea/hdl/axi_lite_ipif_v3_0_vh_rfs.vhd:1534]
INFO: [Synth 8-256] done synthesizing module 'pselect_f' (0#1) [/home/user/projects/tetris/tetris.gen/sources_1/bd/mb_block/ipshared/66ea/hdl/axi_lite_ipif_v3_0_vh_rfs.vhd:1534]
INFO: [Synth 8-638] synthesizing module 'pselect_f__parameterized0' [/home/user/projects/tetris/tetris.gen/sources_1/bd/mb_block/ipshared/66ea/hdl/axi_lite_ipif_v3_0_vh_rfs.vhd:1534]
INFO: [Synth 8-256] done synthesizing module 'pselect_f__parameterized0' (0#1) [/home/user/projects/tetris/tetris.gen/sources_1/bd/mb_block/ipshared/66ea/hdl/axi_lite_ipif_v3_0_vh_rfs.vhd:1534]
INFO: [Synth 8-638] synthesizing module 'pselect_f__parameterized1' [/home/user/projects/tetris/tetris.gen/sources_1/bd/mb_block/ipshared/66ea/hdl/axi_lite_ipif_v3_0_vh_rfs.vhd:1534]
INFO: [Synth 8-256] done synthesizing module 'pselect_f__parameterized1' (0#1) [/home/user/projects/tetris/tetris.gen/sources_1/bd/mb_block/ipshared/66ea/hdl/axi_lite_ipif_v3_0_vh_rfs.vhd:1534]
INFO: [Synth 8-638] synthesizing module 'pselect_f__parameterized2' [/home/user/projects/tetris/tetris.gen/sources_1/bd/mb_block/ipshared/66ea/hdl/axi_lite_ipif_v3_0_vh_rfs.vhd:1534]
INFO: [Synth 8-256] done synthesizing module 'pselect_f__parameterized2' (0#1) [/home/user/projects/tetris/tetris.gen/sources_1/bd/mb_block/ipshared/66ea/hdl/axi_lite_ipif_v3_0_vh_rfs.vhd:1534]
INFO: [Synth 8-256] done synthesizing module 'address_decoder' (0#1) [/home/user/projects/tetris/tetris.gen/sources_1/bd/mb_block/ipshared/66ea/hdl/axi_lite_ipif_v3_0_vh_rfs.vhd:1775]
INFO: [Synth 8-226] default block is never used [/home/user/projects/tetris/tetris.gen/sources_1/bd/mb_block/ipshared/66ea/hdl/axi_lite_ipif_v3_0_vh_rfs.vhd:2550]
INFO: [Synth 8-256] done synthesizing module 'slave_attachment' (0#1) [/home/user/projects/tetris/tetris.gen/sources_1/bd/mb_block/ipshared/66ea/hdl/axi_lite_ipif_v3_0_vh_rfs.vhd:2341]
INFO: [Synth 8-256] done synthesizing module 'axi_lite_ipif' (0#1) [/home/user/projects/tetris/tetris.gen/sources_1/bd/mb_block/ipshared/66ea/hdl/axi_lite_ipif_v3_0_vh_rfs.vhd:2948]
INFO: [Synth 8-638] synthesizing module 'GPIO_Core' [/home/user/projects/tetris/tetris.gen/sources_1/bd/mb_block/ipshared/6219/hdl/axi_gpio_v2_0_vh_rfs.vhd:178]
INFO: [Synth 8-226] default block is never used [/home/user/projects/tetris/tetris.gen/sources_1/bd/mb_block/ipshared/6219/hdl/axi_gpio_v2_0_vh_rfs.vhd:443]
INFO: [Synth 8-638] synthesizing module 'cdc_sync' [/home/user/projects/tetris/tetris.gen/sources_1/bd/mb_block/ipshared/ef1e/hdl/lib_cdc_v1_0_rfs.vhd:106]
	Parameter INIT bound to: 1'b0 
INFO: [Synth 8-113] binding component instance 'CROSS2_PLEVEL_IN2SCNDRY_IN_cdc_to' to cell 'FDR' [/home/user/projects/tetris/tetris.gen/sources_1/bd/mb_block/ipshared/ef1e/hdl/lib_cdc_v1_0_rfs.vhd:736]
	Parameter INIT bound to: 1'b0 
INFO: [Synth 8-113] binding component instance 'CROSS2_PLEVEL_IN2SCNDRY_s_level_out_bus_d2' to cell 'FDR' [/home/user/projects/tetris/tetris.gen/sources_1/bd/mb_block/ipshared/ef1e/hdl/lib_cdc_v1_0_rfs.vhd:772]
	Parameter INIT bound to: 1'b0 
INFO: [Synth 8-113] binding component instance 'CROSS2_PLEVEL_IN2SCNDRY_s_level_out_bus_d3' to cell 'FDR' [/home/user/projects/tetris/tetris.gen/sources_1/bd/mb_block/ipshared/ef1e/hdl/lib_cdc_v1_0_rfs.vhd:788]
	Parameter INIT bound to: 1'b0 
INFO: [Synth 8-113] binding component instance 'CROSS2_PLEVEL_IN2SCNDRY_s_level_out_bus_d4' to cell 'FDR' [/home/user/projects/tetris/tetris.gen/sources_1/bd/mb_block/ipshared/ef1e/hdl/lib_cdc_v1_0_rfs.vhd:804]
	Parameter INIT bound to: 1'b0 
INFO: [Synth 8-113] binding component instance 'CROSS2_PLEVEL_IN2SCNDRY_s_level_out_bus_d5' to cell 'FDR' [/home/user/projects/tetris/tetris.gen/sources_1/bd/mb_block/ipshared/ef1e/hdl/lib_cdc_v1_0_rfs.vhd:821]
	Parameter INIT bound to: 1'b0 
INFO: [Synth 8-113] binding component instance 'CROSS2_PLEVEL_IN2SCNDRY_s_level_out_bus_d6' to cell 'FDR' [/home/user/projects/tetris/tetris.gen/sources_1/bd/mb_block/ipshared/ef1e/hdl/lib_cdc_v1_0_rfs.vhd:837]
INFO: [Synth 8-256] done synthesizing module 'cdc_sync' (0#1) [/home/user/projects/tetris/tetris.gen/sources_1/bd/mb_block/ipshared/ef1e/hdl/lib_cdc_v1_0_rfs.vhd:106]
INFO: [Synth 8-256] done synthesizing module 'GPIO_Core' (0#1) [/home/user/projects/tetris/tetris.gen/sources_1/bd/mb_block/ipshared/6219/hdl/axi_gpio_v2_0_vh_rfs.vhd:178]
INFO: [Synth 8-256] done synthesizing module 'axi_gpio' (0#1) [/home/user/projects/tetris/tetris.gen/sources_1/bd/mb_block/ipshared/6219/hdl/axi_gpio_v2_0_vh_rfs.vhd:1351]
INFO: [Synth 8-256] done synthesizing module 'mb_block_axi_gpio_2_0' (0#1) [/home/user/projects/tetris/tetris.gen/sources_1/bd/mb_block/ip/mb_block_axi_gpio_2_0/synth/mb_block_axi_gpio_2_0.vhd:84]
WARNING: [Synth 8-6014] Unused sequential element Not_Dual.ALLOUT_ND.READ_REG_GEN[0].GPIO_DBus_i_reg was removed.  [/home/user/projects/tetris/tetris.gen/sources_1/bd/mb_block/ipshared/6219/hdl/axi_gpio_v2_0_vh_rfs.vhd:319]
WARNING: [Synth 8-6014] Unused sequential element Not_Dual.gpio_Data_In_reg was removed.  [/home/user/projects/tetris/tetris.gen/sources_1/bd/mb_block/ipshared/6219/hdl/axi_gpio_v2_0_vh_rfs.vhd:486]
WARNING: [Synth 8-7129] Port prmry_aclk in module cdc_sync is either unconnected or has no load
WARNING: [Synth 8-7129] Port prmry_resetn in module cdc_sync is either unconnected or has no load
WARNING: [Synth 8-7129] Port prmry_in in module cdc_sync is either unconnected or has no load
WARNING: [Synth 8-7129] Port scndry_resetn in module cdc_sync is either unconnected or has no load
WARNING: [Synth 8-7129] Port ABus_Reg[1] in module GPIO_Core is either unconnected or has no load
WARNING: [Synth 8-7129] Port ABus_Reg[2] in module GPIO_Core is either unconnected or has no load
WARNING: [Synth 8-7129] Port ABus_Reg[3] in module GPIO_Core is either unconnected or has no load
WARNING: [Synth 8-7129] Port ABus_Reg[4] in module GPIO_Core is either unconnected or has no load
WARNING: [Synth 8-7129] Port ABus_Reg[7] in module GPIO_Core is either unconnected or has no load
WARNING: [Synth 8-7129] Port ABus_Reg[8] in module GPIO_Core is either unconnected or has no load
WARNING: [Synth 8-7129] Port BE_Reg[0] in module GPIO_Core is either unconnected or has no load
WARNING: [Synth 8-7129] Port BE_Reg[1] in module GPIO_Core is either unconnected or has no load
WARNING: [Synth 8-7129] Port BE_Reg[2] in module GPIO_Core is either unconnected or has no load
WARNING: [Synth 8-7129] Port BE_Reg[3] in module GPIO_Core is either unconnected or has no load
WARNING: [Synth 8-7129] Port GPIO2_IO_I[0] in module GPIO_Core is either unconnected or has no load
WARNING: [Synth 8-7129] Port GPIO2_IO_I[1] in module GPIO_Core is either unconnected or has no load
WARNING: [Synth 8-7129] Port GPIO2_IO_I[2] in module GPIO_Core is either unconnected or has no load
WARNING: [Synth 8-7129] Port GPIO2_IO_I[3] in module GPIO_Core is either unconnected or has no load
WARNING: [Synth 8-7129] Port GPIO2_IO_I[4] in module GPIO_Core is either unconnected or has no load
WARNING: [Synth 8-7129] Port GPIO2_IO_I[5] in module GPIO_Core is either unconnected or has no load
WARNING: [Synth 8-7129] Port GPIO2_IO_I[6] in module GPIO_Core is either unconnected or has no load
WARNING: [Synth 8-7129] Port GPIO2_IO_I[7] in module GPIO_Core is either unconnected or has no load
WARNING: [Synth 8-7129] Port GPIO2_IO_I[8] in module GPIO_Core is either unconnected or has no load
WARNING: [Synth 8-7129] Port GPIO2_IO_I[9] in module GPIO_Core is either unconnected or has no load
WARNING: [Synth 8-7129] Port GPIO2_IO_I[10] in module GPIO_Core is either unconnected or has no load
WARNING: [Synth 8-7129] Port GPIO2_IO_I[11] in module GPIO_Core is either unconnected or has no load
WARNING: [Synth 8-7129] Port GPIO2_IO_I[12] in module GPIO_Core is either unconnected or has no load
WARNING: [Synth 8-7129] Port GPIO2_IO_I[13] in module GPIO_Core is either unconnected or has no load
WARNING: [Synth 8-7129] Port GPIO2_IO_I[14] in module GPIO_Core is either unconnected or has no load
WARNING: [Synth 8-7129] Port GPIO2_IO_I[15] in module GPIO_Core is either unconnected or has no load
WARNING: [Synth 8-7129] Port GPIO2_IO_I[16] in module GPIO_Core is either unconnected or has no load
WARNING: [Synth 8-7129] Port GPIO2_IO_I[17] in module GPIO_Core is either unconnected or has no load
WARNING: [Synth 8-7129] Port GPIO2_IO_I[18] in module GPIO_Core is either unconnected or has no load
WARNING: [Synth 8-7129] Port GPIO2_IO_I[19] in module GPIO_Core is either unconnected or has no load
WARNING: [Synth 8-7129] Port GPIO2_IO_I[20] in module GPIO_Core is either unconnected or has no load
WARNING: [Synth 8-7129] Port GPIO2_IO_I[21] in module GPIO_Core is either unconnected or has no load
WARNING: [Synth 8-7129] Port GPIO2_IO_I[22] in module GPIO_Core is either unconnected or has no load
WARNING: [Synth 8-7129] Port GPIO2_IO_I[23] in module GPIO_Core is either unconnected or has no load
WARNING: [Synth 8-7129] Port GPIO2_IO_I[24] in module GPIO_Core is either unconnected or has no load
WARNING: [Synth 8-7129] Port GPIO2_IO_I[25] in module GPIO_Core is either unconnected or has no load
WARNING: [Synth 8-7129] Port GPIO2_IO_I[26] in module GPIO_Core is either unconnected or has no load
WARNING: [Synth 8-7129] Port GPIO2_IO_I[27] in module GPIO_Core is either unconnected or has no load
WARNING: [Synth 8-7129] Port GPIO2_IO_I[28] in module GPIO_Core is either unconnected or has no load
WARNING: [Synth 8-7129] Port GPIO2_IO_I[29] in module GPIO_Core is either unconnected or has no load
WARNING: [Synth 8-7129] Port GPIO2_IO_I[30] in module GPIO_Core is either unconnected or has no load
WARNING: [Synth 8-7129] Port GPIO2_IO_I[31] in module GPIO_Core is either unconnected or has no load
WARNING: [Synth 8-7129] Port Address_In_Erly[0] in module address_decoder is either unconnected or has no load
WARNING: [Synth 8-7129] Port Address_In_Erly[1] in module address_decoder is either unconnected or has no load
WARNING: [Synth 8-7129] Port Address_In_Erly[2] in module address_decoder is either unconnected or has no load
WARNING: [Synth 8-7129] Port Address_In_Erly[3] in module address_decoder is either unconnected or has no load
WARNING: [Synth 8-7129] Port Address_In_Erly[4] in module address_decoder is either unconnected or has no load
WARNING: [Synth 8-7129] Port Address_In_Erly[7] in module address_decoder is either unconnected or has no load
WARNING: [Synth 8-7129] Port Address_In_Erly[8] in module address_decoder is either unconnected or has no load
WARNING: [Synth 8-7129] Port Bus_RNW in module address_decoder is either unconnected or has no load
WARNING: [Synth 8-7129] Port S_AXI_WSTRB[3] in module slave_attachment is either unconnected or has no load
WARNING: [Synth 8-7129] Port S_AXI_WSTRB[2] in module slave_attachment is either unconnected or has no load
WARNING: [Synth 8-7129] Port S_AXI_WSTRB[1] in module slave_attachment is either unconnected or has no load
WARNING: [Synth 8-7129] Port S_AXI_WSTRB[0] in module slave_attachment is either unconnected or has no load
---------------------------------------------------------------------------------
Finished RTL Elaboration : Time (s): cpu = 00:00:07 ; elapsed = 00:00:17 . Memory (MB): peak = 3386.293 ; gain = 465.383 ; free physical = 242 ; free virtual = 1593
Synthesis current peak Physical Memory [PSS] (MB): peak = 1891.234; parent = 1355.622; children = 535.612
Synthesis current peak Virtual Memory [VSS] (MB): peak = 7898.305; parent = 3386.293; children = 4512.012
---------------------------------------------------------------------------------
---------------------------------------------------------------------------------
Start Handling Custom Attributes
---------------------------------------------------------------------------------
---------------------------------------------------------------------------------
Finished Handling Custom Attributes : Time (s): cpu = 00:00:07 ; elapsed = 00:00:17 . Memory (MB): peak = 3401.809 ; gain = 480.898 ; free physical = 242 ; free virtual = 1593
Synthesis current peak Physical Memory [PSS] (MB): peak = 1891.234; parent = 1355.622; children = 535.612
Synthesis current peak Virtual Memory [VSS] (MB): peak = 7913.820; parent = 3401.809; children = 4512.012
---------------------------------------------------------------------------------
---------------------------------------------------------------------------------
Finished RTL Optimization Phase 1 : Time (s): cpu = 00:00:07 ; elapsed = 00:00:17 . Memory (MB): peak = 3401.809 ; gain = 480.898 ; free physical = 242 ; free virtual = 1593
Synthesis current peak Physical Memory [PSS] (MB): peak = 1891.234; parent = 1355.622; children = 535.612
Synthesis current peak Virtual Memory [VSS] (MB): peak = 7913.820; parent = 3401.809; children = 4512.012
---------------------------------------------------------------------------------
Netlist sorting complete. Time (s): cpu = 00:00:00.01 ; elapsed = 00:00:00.01 . Memory (MB): peak = 3408.836 ; gain = 0.062 ; free physical = 242 ; free virtual = 1595
INFO: [Netlist 29-17] Analyzing 6 Unisim elements for replacement
INFO: [Netlist 29-28] Unisim Transformation completed in 0 CPU seconds
INFO: [Project 1-570] Preparing netlist for logic optimization

Processing XDC Constraints
Initializing timing engine
Parsing XDC File [/home/user/projects/tetris/tetris.gen/sources_1/bd/mb_block/ip/mb_block_axi_gpio_2_0/mb_block_axi_gpio_2_0_ooc.xdc] for cell 'U0'
Finished Parsing XDC File [/home/user/projects/tetris/tetris.gen/sources_1/bd/mb_block/ip/mb_block_axi_gpio_2_0/mb_block_axi_gpio_2_0_ooc.xdc] for cell 'U0'
Parsing XDC File [/home/user/projects/tetris/tetris.gen/sources_1/bd/mb_block/ip/mb_block_axi_gpio_2_0/mb_block_axi_gpio_2_0_board.xdc] for cell 'U0'
Finished Parsing XDC File [/home/user/projects/tetris/tetris.gen/sources_1/bd/mb_block/ip/mb_block_axi_gpio_2_0/mb_block_axi_gpio_2_0_board.xdc] for cell 'U0'
Parsing XDC File [/home/user/projects/tetris/tetris.gen/sources_1/bd/mb_block/ip/mb_block_axi_gpio_2_0/mb_block_axi_gpio_2_0.xdc] for cell 'U0'
Finished Parsing XDC File [/home/user/projects/tetris/tetris.gen/sources_1/bd/mb_block/ip/mb_block_axi_gpio_2_0/mb_block_axi_gpio_2_0.xdc] for cell 'U0'
Parsing XDC File [/home/user/projects/tetris/tetris.runs/mb_block_axi_gpio_2_0_synth_1/dont_touch.xdc]
Finished Parsing XDC File [/home/user/projects/tetris/tetris.runs/mb_block_axi_gpio_2_0_synth_1/dont_touch.xdc]
Completed Processing XDC Constraints

Netlist sorting complete. Time (s): cpu = 00:00:00 ; elapsed = 00:00:00 . Memory (MB): peak = 3489.848 ; gain = 0.000 ; free physical = 164 ; free virtual = 1534
INFO: [Project 1-111] Unisim Transformation Summary:
  A total of 6 instances were transformed.
  FDR => FDRE: 6 instances

Constraint Validation Runtime : Time (s): cpu = 00:00:00.05 ; elapsed = 00:00:00.06 . Memory (MB): peak = 3490.328 ; gain = 0.461 ; free physical = 161 ; free virtual = 1532
INFO: [Designutils 20-5008] Incremental synthesis strategy off
INFO: [Synth 8-11241] undeclared symbol 'REGCCE', assumed default net type 'wire' [/home/user/Xilinx/Vivado/2022.2/data/verilog/src/unimacro/BRAM_SINGLE_MACRO.v:2170]
---------------------------------------------------------------------------------
Finished Constraint Validation : Time (s): cpu = 00:00:14 ; elapsed = 00:00:26 . Memory (MB): peak = 3497.180 ; gain = 576.270 ; free physical = 156 ; free virtual = 1564
Synthesis current peak Physical Memory [PSS] (MB): peak = 1891.234; parent = 1384.355; children = 535.612
Synthesis current peak Virtual Memory [VSS] (MB): peak = 8009.191; parent = 3497.180; children = 4512.012
---------------------------------------------------------------------------------
---------------------------------------------------------------------------------
Start Loading Part and Timing Information
---------------------------------------------------------------------------------
Loading part: xc7s50csga324-1
---------------------------------------------------------------------------------
Finished Loading Part and Timing Information : Time (s): cpu = 00:00:14 ; elapsed = 00:00:26 . Memory (MB): peak = 3497.242 ; gain = 576.332 ; free physical = 156 ; free virtual = 1564
Synthesis current peak Physical Memory [PSS] (MB): peak = 1891.234; parent = 1384.355; children = 535.612
Synthesis current peak Virtual Memory [VSS] (MB): peak = 8009.191; parent = 3497.180; children = 4512.012
---------------------------------------------------------------------------------
---------------------------------------------------------------------------------
Start Applying 'set_property' XDC Constraints
---------------------------------------------------------------------------------
Applied set_property KEEP_HIERARCHY = SOFT for U0. (constraint file  /home/user/projects/tetris/tetris.runs/mb_block_axi_gpio_2_0_synth_1/dont_touch.xdc, line 9).
---------------------------------------------------------------------------------
Finished applying 'set_property' XDC Constraints : Time (s): cpu = 00:00:14 ; elapsed = 00:00:26 . Memory (MB): peak = 3497.242 ; gain = 576.332 ; free physical = 156 ; free virtual = 1564
Synthesis current peak Physical Memory [PSS] (MB): peak = 1891.234; parent = 1384.355; children = 535.612
Synthesis current peak Virtual Memory [VSS] (MB): peak = 8009.191; parent = 3497.180; children = 4512.012
---------------------------------------------------------------------------------
INFO: [Synth 8-802] inferred FSM for state register 'state_reg' in module 'slave_attachment'
---------------------------------------------------------------------------------------------------
                   State |                     New Encoding |                Previous Encoding 
---------------------------------------------------------------------------------------------------
                 iSTATE2 |                             0001 |                               00
                  iSTATE |                             0010 |                               01
                 iSTATE0 |                             0100 |                               10
                 iSTATE1 |                             1000 |                               11
---------------------------------------------------------------------------------------------------
INFO: [Synth 8-3354] encoded FSM with state register 'state_reg' using encoding 'one-hot' in module 'slave_attachment'
---------------------------------------------------------------------------------
Finished RTL Optimization Phase 2 : Time (s): cpu = 00:00:15 ; elapsed = 00:00:27 . Memory (MB): peak = 3497.242 ; gain = 576.332 ; free physical = 153 ; free virtual = 1561
Synthesis current peak Physical Memory [PSS] (MB): peak = 1891.234; parent = 1398.469; children = 535.612
Synthesis current peak Virtual Memory [VSS] (MB): peak = 8009.191; parent = 3497.180; children = 4512.012
---------------------------------------------------------------------------------
---------------------------------------------------------------------------------
Start RTL Component Statistics 
---------------------------------------------------------------------------------
Detailed RTL Component Info : 
+---Adders : 
	   2 Input    4 Bit       Adders := 1     
+---Registers : 
	               32 Bit    Registers := 3     
	                9 Bit    Registers := 1     
	                4 Bit    Registers := 1     
	                2 Bit    Registers := 3     
	                1 Bit    Registers := 20    
+---Muxes : 
	   5 Input   32 Bit        Muxes := 1     
	   2 Input   32 Bit        Muxes := 1     
	   2 Input    9 Bit        Muxes := 1     
	   4 Input    4 Bit        Muxes := 1     
	   2 Input    4 Bit        Muxes := 5     
	   2 Input    2 Bit        Muxes := 3     
	   3 Input    2 Bit        Muxes := 1     
	   4 Input    2 Bit        Muxes := 1     
	   2 Input    1 Bit        Muxes := 9     
	   4 Input    1 Bit        Muxes := 3     
---------------------------------------------------------------------------------
Finished RTL Component Statistics 
---------------------------------------------------------------------------------
---------------------------------------------------------------------------------
Start Part Resource Summary
---------------------------------------------------------------------------------
Part Resources:
DSPs: 120 (col length:60)
BRAMs: 150 (col length: RAMB18 60 RAMB36 30)
---------------------------------------------------------------------------------
Finished Part Resource Summary
---------------------------------------------------------------------------------
---------------------------------------------------------------------------------
Start Cross Boundary and Area Optimization
---------------------------------------------------------------------------------
WARNING: [Synth 8-7080] Parallel synthesis criteria is not met
WARNING: [Synth 8-7129] Port s_axi_wstrb[3] in module axi_gpio is either unconnected or has no load
WARNING: [Synth 8-7129] Port s_axi_wstrb[2] in module axi_gpio is either unconnected or has no load
WARNING: [Synth 8-7129] Port s_axi_wstrb[1] in module axi_gpio is either unconnected or has no load
WARNING: [Synth 8-7129] Port s_axi_wstrb[0] in module axi_gpio is either unconnected or has no load
WARNING: [Synth 8-7129] Port gpio2_io_i[31] in module axi_gpio is either unconnected or has no load
WARNING: [Synth 8-7129] Port gpio2_io_i[30] in module axi_gpio is either unconnected or has no load
WARNING: [Synth 8-7129] Port gpio2_io_i[29] in module axi_gpio is either unconnected or has no load
WARNING: [Synth 8-7129] Port gpio2_io_i[28] in module axi_gpio is either unconnected or has no load
WARNING: [Synth 8-7129] Port gpio2_io_i[27] in module axi_gpio is either unconnected or has no load
WARNING: [Synth 8-7129] Port gpio2_io_i[26] in module axi_gpio is either unconnected or has no load
WARNING: [Synth 8-7129] Port gpio2_io_i[25] in module axi_gpio is either unconnected or has no load
WARNING: [Synth 8-7129] Port gpio2_io_i[24] in module axi_gpio is either unconnected or has no load
WARNING: [Synth 8-7129] Port gpio2_io_i[23] in module axi_gpio is either unconnected or has no load
WARNING: [Synth 8-7129] Port gpio2_io_i[22] in module axi_gpio is either unconnected or has no load
WARNING: [Synth 8-7129] Port gpio2_io_i[21] in module axi_gpio is either unconnected or has no load
WARNING: [Synth 8-7129] Port gpio2_io_i[20] in module axi_gpio is either unconnected or has no load
WARNING: [Synth 8-7129] Port gpio2_io_i[19] in module axi_gpio is either unconnected or has no load
WARNING: [Synth 8-7129] Port gpio2_io_i[18] in module axi_gpio is either unconnected or has no load
WARNING: [Synth 8-7129] Port gpio2_io_i[17] in module axi_gpio is either unconnected or has no load
WARNING: [Synth 8-7129] Port gpio2_io_i[16] in module axi_gpio is either unconnected or has no load
WARNING: [Synth 8-7129] Port gpio2_io_i[15] in module axi_gpio is either unconnected or has no load
WARNING: [Synth 8-7129] Port gpio2_io_i[14] in module axi_gpio is either unconnected or has no load
WARNING: [Synth 8-7129] Port gpio2_io_i[13] in module axi_gpio is either unconnected or has no load
WARNING: [Synth 8-7129] Port gpio2_io_i[12] in module axi_gpio is either unconnected or has no load
WARNING: [Synth 8-7129] Port gpio2_io_i[11] in module axi_gpio is either unconnected or has no load
WARNING: [Synth 8-7129] Port gpio2_io_i[10] in module axi_gpio is either unconnected or has no load
WARNING: [Synth 8-7129] Port gpio2_io_i[9] in module axi_gpio is either unconnected or has no load
WARNING: [Synth 8-7129] Port gpio2_io_i[8] in module axi_gpio is either unconnected or has no load
WARNING: [Synth 8-7129] Port gpio2_io_i[7] in module axi_gpio is either unconnected or has no load
WARNING: [Synth 8-7129] Port gpio2_io_i[6] in module axi_gpio is either unconnected or has no load
WARNING: [Synth 8-7129] Port gpio2_io_i[5] in module axi_gpio is either unconnected or has no load
WARNING: [Synth 8-7129] Port gpio2_io_i[4] in module axi_gpio is either unconnected or has no load
WARNING: [Synth 8-7129] Port gpio2_io_i[3] in module axi_gpio is either unconnected or has no load
WARNING: [Synth 8-7129] Port gpio2_io_i[2] in module axi_gpio is either unconnected or has no load
WARNING: [Synth 8-7129] Port gpio2_io_i[1] in module axi_gpio is either unconnected or has no load
WARNING: [Synth 8-7129] Port gpio2_io_i[0] in module axi_gpio is either unconnected or has no load
INFO: [Synth 8-3332] Sequential element (gpio_core_1/Not_Dual.INPUT_DOUBLE_REGS3/GENERATE_LEVEL_P_S_CDC.MULTI_BIT.FOR_IN_cdc_to[0].CROSS2_PLEVEL_IN2SCNDRY_IN_cdc_to) is unused and will be removed from module axi_gpio.
INFO: [Synth 8-3332] Sequential element (gpio_core_1/Not_Dual.INPUT_DOUBLE_REGS3/GENERATE_LEVEL_P_S_CDC.MULTI_BIT.FOR_CROSS_PLEVEL_IN2SCNDRY_bus_d2[0].CROSS2_PLEVEL_IN2SCNDRY_s_level_out_bus_d2) is unused and will be removed from module axi_gpio.
INFO: [Synth 8-3332] Sequential element (gpio_core_1/Not_Dual.INPUT_DOUBLE_REGS3/GENERATE_LEVEL_P_S_CDC.MULTI_BIT.FOR_CROSS_PLEVEL_IN2SCNDRY_bus_d3[0].CROSS2_PLEVEL_IN2SCNDRY_s_level_out_bus_d3) is unused and will be removed from module axi_gpio.
INFO: [Synth 8-3332] Sequential element (gpio_core_1/Not_Dual.INPUT_DOUBLE_REGS3/GENERATE_LEVEL_P_S_CDC.MULTI_BIT.FOR_CROSS_PLEVEL_IN2SCNDRY_bus_d4[0].CROSS2_PLEVEL_IN2SCNDRY_s_level_out_bus_d4) is unused and will be removed from module axi_gpio.
INFO: [Synth 8-3332] Sequential element (gpio_core_1/Not_Dual.INPUT_DOUBLE_REGS3/GENERATE_LEVEL_P_S_CDC.MULTI_BIT.FOR_CROSS_PLEVEL_IN2SCNDRY_bus_d5[0].CROSS2_PLEVEL_IN2SCNDRY_s_level_out_bus_d5) is unused and will be removed from module axi_gpio.
INFO: [Synth 8-3332] Sequential element (gpio_core_1/Not_Dual.INPUT_DOUBLE_REGS3/GENERATE_LEVEL_P_S_CDC.MULTI_BIT.FOR_CROSS_PLEVEL_IN2SCNDRY_bus_d6[0].CROSS2_PLEVEL_IN2SCNDRY_s_level_out_bus_d6) is unused and will be removed from module axi_gpio.
---------------------------------------------------------------------------------
Finished Cross Boundary and Area Optimization : Time (s): cpu = 00:00:16 ; elapsed = 00:00:28 . Memory (MB): peak = 3497.242 ; gain = 576.332 ; free physical = 110 ; free virtual = 1521
Synthesis current peak Physical Memory [PSS] (MB): peak = 1891.234; parent = 1419.137; children = 535.612
Synthesis current peak Virtual Memory [VSS] (MB): peak = 8009.191; parent = 3497.180; children = 4512.012
---------------------------------------------------------------------------------
---------------------------------------------------------------------------------
Start Applying XDC Timing Constraints
---------------------------------------------------------------------------------
---------------------------------------------------------------------------------
Finished Applying XDC Timing Constraints : Time (s): cpu = 00:00:21 ; elapsed = 00:00:34 . Memory (MB): peak = 3540.219 ; gain = 619.309 ; free physical = 84 ; free virtual = 1366
Synthesis current peak Physical Memory [PSS] (MB): peak = 2018.653; parent = 1613.113; children = 535.612
Synthesis current peak Virtual Memory [VSS] (MB): peak = 8052.230; parent = 3540.219; children = 4512.012
---------------------------------------------------------------------------------
---------------------------------------------------------------------------------
Start Timing Optimization
---------------------------------------------------------------------------------
---------------------------------------------------------------------------------
Finished Timing Optimization : Time (s): cpu = 00:00:21 ; elapsed = 00:00:34 . Memory (MB): peak = 3540.516 ; gain = 619.605 ; free physical = 91 ; free virtual = 1337
Synthesis current peak Physical Memory [PSS] (MB): peak = 2022.360; parent = 1616.828; children = 535.612
Synthesis current peak Virtual Memory [VSS] (MB): peak = 8052.527; parent = 3540.516; children = 4512.012
---------------------------------------------------------------------------------
---------------------------------------------------------------------------------
Start Technology Mapping
---------------------------------------------------------------------------------
---------------------------------------------------------------------------------
Finished Technology Mapping : Time (s): cpu = 00:00:21 ; elapsed = 00:00:34 . Memory (MB): peak = 3540.734 ; gain = 619.824 ; free physical = 91 ; free virtual = 1338
Synthesis current peak Physical Memory [PSS] (MB): peak = 2022.966; parent = 1617.434; children = 535.612
Synthesis current peak Virtual Memory [VSS] (MB): peak = 8052.746; parent = 3540.734; children = 4512.012
---------------------------------------------------------------------------------
---------------------------------------------------------------------------------
Start IO Insertion
---------------------------------------------------------------------------------
---------------------------------------------------------------------------------
Start Flattening Before IO Insertion
---------------------------------------------------------------------------------
---------------------------------------------------------------------------------
Finished Flattening Before IO Insertion
---------------------------------------------------------------------------------
---------------------------------------------------------------------------------
Start Final Netlist Cleanup
---------------------------------------------------------------------------------
---------------------------------------------------------------------------------
Finished Final Netlist Cleanup
---------------------------------------------------------------------------------
---------------------------------------------------------------------------------
Finished IO Insertion : Time (s): cpu = 00:00:24 ; elapsed = 00:00:38 . Memory (MB): peak = 3540.859 ; gain = 619.949 ; free physical = 91 ; free virtual = 1340
Synthesis current peak Physical Memory [PSS] (MB): peak = 2023.224; parent = 1617.691; children = 535.612
Synthesis current peak Virtual Memory [VSS] (MB): peak = 8052.871; parent = 3540.859; children = 4512.012
---------------------------------------------------------------------------------
---------------------------------------------------------------------------------
Start Renaming Generated Instances
---------------------------------------------------------------------------------
---------------------------------------------------------------------------------
Finished Renaming Generated Instances : Time (s): cpu = 00:00:24 ; elapsed = 00:00:38 . Memory (MB): peak = 3540.875 ; gain = 619.965 ; free physical = 91 ; free virtual = 1340
Synthesis current peak Physical Memory [PSS] (MB): peak = 2023.255; parent = 1617.723; children = 535.612
Synthesis current peak Virtual Memory [VSS] (MB): peak = 8052.887; parent = 3540.875; children = 4512.012
---------------------------------------------------------------------------------
---------------------------------------------------------------------------------
Start Rebuilding User Hierarchy
---------------------------------------------------------------------------------
---------------------------------------------------------------------------------
Finished Rebuilding User Hierarchy : Time (s): cpu = 00:00:24 ; elapsed = 00:00:38 . Memory (MB): peak = 3540.926 ; gain = 620.016 ; free physical = 91 ; free virtual = 1341
Synthesis current peak Physical Memory [PSS] (MB): peak = 2023.435; parent = 1617.902; children = 535.612
Synthesis current peak Virtual Memory [VSS] (MB): peak = 8052.938; parent = 3540.926; children = 4512.012
---------------------------------------------------------------------------------
---------------------------------------------------------------------------------
Start Renaming Generated Ports
---------------------------------------------------------------------------------
---------------------------------------------------------------------------------
Finished Renaming Generated Ports : Time (s): cpu = 00:00:24 ; elapsed = 00:00:38 . Memory (MB): peak = 3540.934 ; gain = 620.023 ; free physical = 91 ; free virtual = 1341
Synthesis current peak Physical Memory [PSS] (MB): peak = 2023.517; parent = 1617.984; children = 535.612
Synthesis current peak Virtual Memory [VSS] (MB): peak = 8052.945; parent = 3540.934; children = 4512.012
---------------------------------------------------------------------------------
---------------------------------------------------------------------------------
Start Handling Custom Attributes
---------------------------------------------------------------------------------
---------------------------------------------------------------------------------
Finished Handling Custom Attributes : Time (s): cpu = 00:00:24 ; elapsed = 00:00:38 . Memory (MB): peak = 3540.957 ; gain = 620.047 ; free physical = 91 ; free virtual = 1341
Synthesis current peak Physical Memory [PSS] (MB): peak = 2023.665; parent = 1618.133; children = 535.612
Synthesis current peak Virtual Memory [VSS] (MB): peak = 8052.969; parent = 3540.957; children = 4512.012
---------------------------------------------------------------------------------
---------------------------------------------------------------------------------
Start Renaming Generated Nets
---------------------------------------------------------------------------------
---------------------------------------------------------------------------------
Finished Renaming Generated Nets : Time (s): cpu = 00:00:24 ; elapsed = 00:00:38 . Memory (MB): peak = 3540.961 ; gain = 620.051 ; free physical = 91 ; free virtual = 1341
Synthesis current peak Physical Memory [PSS] (MB): peak = 2023.696; parent = 1618.164; children = 535.612
Synthesis current peak Virtual Memory [VSS] (MB): peak = 8052.973; parent = 3540.961; children = 4512.012
---------------------------------------------------------------------------------
---------------------------------------------------------------------------------
Start Writing Synthesis Report
---------------------------------------------------------------------------------

Report BlackBoxes: 
+-+--------------+----------+
| |BlackBox name |Instances |
+-+--------------+----------+
+-+--------------+----------+

Report Cell Usage: 
+------+-----+------+
|      |Cell |Count |
+------+-----+------+
|1     |LUT1 |     2|
|2     |LUT2 |     9|
|3     |LUT3 |     9|
|4     |LUT4 |     3|
|5     |LUT5 |    10|
|6     |LUT6 |    10|
|7     |FDRE |    35|
|8     |FDSE |     1|
+------+-----+------+
---------------------------------------------------------------------------------
Finished Writing Synthesis Report : Time (s): cpu = 00:00:24 ; elapsed = 00:00:38 . Memory (MB): peak = 3540.988 ; gain = 620.078 ; free physical = 91 ; free virtual = 1341
Synthesis current peak Physical Memory [PSS] (MB): peak = 2023.829; parent = 1618.297; children = 535.612
Synthesis current peak Virtual Memory [VSS] (MB): peak = 8053.000; parent = 3540.988; children = 4512.012
---------------------------------------------------------------------------------
Synthesis finished with 0 errors, 0 critical warnings and 37 warnings.
Synthesis Optimization Runtime : Time (s): cpu = 00:00:22 ; elapsed = 00:00:36 . Memory (MB): peak = 3541.023 ; gain = 531.199 ; free physical = 116 ; free virtual = 1367
Synthesis Optimization Complete : Time (s): cpu = 00:00:24 ; elapsed = 00:00:39 . Memory (MB): peak = 3541.051 ; gain = 620.113 ; free physical = 116 ; free virtual = 1367
INFO: [Project 1-571] Translating synthesized netlist
Netlist sorting complete. Time (s): cpu = 00:00:00 ; elapsed = 00:00:00.01 . Memory (MB): peak = 3541.094 ; gain = 0.000 ; free physical = 116 ; free virtual = 1368
INFO: [Project 1-570] Preparing netlist for logic optimization
INFO: [Opt 31-138] Pushed 0 inverter(s) to 0 load pin(s).
Netlist sorting complete. Time (s): cpu = 00:00:00 ; elapsed = 00:00:00 . Memory (MB): peak = 3542.352 ; gain = 0.000 ; free physical = 263 ; free virtual = 1554
INFO: [Project 1-111] Unisim Transformation Summary:
No Unisim elements were transformed.

Synth Design complete, checksum: 4a0f1a0a
INFO: [Common 17-83] Releasing license: Synthesis
60 Infos, 97 Warnings, 0 Critical Warnings and 0 Errors encountered.
synth_design completed successfully
synth_design: Time (s): cpu = 00:00:34 ; elapsed = 00:00:45 . Memory (MB): peak = 3542.422 ; gain = 956.777 ; free physical = 445 ; free virtual = 1738
INFO: [Common 17-1381] The checkpoint '/home/user/projects/tetris/tetris.runs/mb_block_axi_gpio_2_0_synth_1/mb_block_axi_gpio_2_0.dcp' has been generated.
INFO: [Coretcl 2-1648] Added synthesis output to IP cache for IP mb_block_axi_gpio_2_0, cache-ID = 0d35a43ee54ce79e
INFO: [Coretcl 2-1174] Renamed 7 cell refs.
INFO: [Common 17-1381] The checkpoint '/home/user/projects/tetris/tetris.runs/mb_block_axi_gpio_2_0_synth_1/mb_block_axi_gpio_2_0.dcp' has been generated.
INFO: [runtcl-4] Executing : report_utilization -file mb_block_axi_gpio_2_0_utilization_synth.rpt -pb mb_block_axi_gpio_2_0_utilization_synth.pb
INFO: [Common 17-206] Exiting Vivado at Wed Apr 30 06:37:21 2025...
