08:15:31 DEBUG : Logs will be stored at '/home/user/projects/tetris/sdk/IDE.log'.
08:15:38 INFO  : Launching XSCT server: xsct -n  -interactive /home/user/projects/tetris/sdk/temp_xsdb_launch_script.tcl
08:15:39 INFO  : Platform repository initialization has completed.
08:15:39 INFO  : Registering command handlers for Vitis TCF services
08:15:49 INFO  : XSCT server has started successfully.
08:15:50 INFO  : Successfully done setting XSCT server connection channel  
08:15:50 INFO  : plnx-install-location is set to ''
08:15:50 INFO  : Successfully done setting workspace for the tool. 
08:15:50 INFO  : Successfully done query RDI_DATADIR 
08:16:23 INFO  : Result from executing command 'getProjects': tetris_top
08:16:23 INFO  : Result from executing command 'getPlatforms': 
08:16:24 WARN  : An unexpected exception occurred in the module 'platform project logging'
08:16:24 INFO  : Platform 'tetris_top' is added to custom repositories.
08:16:38 INFO  : Platform 'tetris_top' is added to custom repositories.
08:23:32 INFO  : Result from executing command 'getProjects': tetris_top
08:23:32 INFO  : Result from executing command 'getPlatforms': tetris_top|/home/user/projects/tetris/sdk/tetris_top/export/tetris_top/tetris_top.xpfm
08:23:36 INFO  : Checking for BSP changes to sync application flags for project 'tetris'...
08:37:51 INFO  : Result from executing command 'removePlatformRepo': 
08:39:46 INFO  : Result from executing command 'getProjects': tetris_top
08:39:46 INFO  : Result from executing command 'getPlatforms': 
08:39:50 INFO  : Checking for BSP changes to sync application flags for project 'tetris'...
08:44:53 DEBUG : Logs will be stored at '/home/user/projects/tetris/sdk/IDE.log'.
08:44:56 INFO  : Launching XSCT server: xsct -n  -interactive /home/user/projects/tetris/sdk/temp_xsdb_launch_script.tcl
08:45:08 INFO  : XSCT server has started successfully.
08:45:08 INFO  : plnx-install-location is set to ''
08:45:08 INFO  : Successfully done setting XSCT server connection channel  
08:45:08 INFO  : Successfully done setting workspace for the tool. 
08:45:14 INFO  : Platform repository initialization has completed.
08:45:14 INFO  : Successfully done query RDI_DATADIR 
08:45:17 INFO  : Registering command handlers for Vitis TCF services
08:56:32 INFO  : Checking for BSP changes to sync application flags for project 'tetris'...
08:58:15 INFO  : Connected to target on host '127.0.0.1' and port '3121'.
08:58:24 INFO  : ----------------XSDB Script----------------
connect -url tcp:127.0.0.1:3121
----------------End of Script----------------

08:58:25 ERROR : Could not find FPGA device on the board for connection 'Local'.


Troubleshooting hints:
1. Check whether board is connected to system properly.
2. In case of zynq board, check whether Digilent/Xilinx cable switch settings are correct.
3. If you are using Xilinx Platform Cable USB, ensure that status LED is green.
08:58:50 INFO  : Connected to target on host '127.0.0.1' and port '3121'.
08:58:51 INFO  : Jtag cable 'Xilinx Virtual Cable host.docker.internal:2542' is selected.
08:58:51 INFO  : 'jtag frequency' command is executed.
08:58:52 INFO  : 'targets -set -filter {jtag_cable_name =~ "Xilinx Virtual Cable host.docker.internal:2542" && level==0 && jtag_device_ctx=="jsn-XVC-host.docker.internal:2542-0362f093-0"}' command is executed.
08:59:08 INFO  : Device configured successfully with "/home/user/projects/tetris/sdk/tetris/_ide/bitstream/tetris_top.bit"
08:59:08 INFO  : Context for processor 'microblaze_0' is selected.
08:59:09 INFO  : Hardware design and registers information is loaded from '/home/user/projects/tetris/sdk/tetris_top/export/tetris_top/hw/tetris_top.xsa'.
08:59:09 INFO  : 'configparams mdm-detect-bscan-mask 2' command is executed.
08:59:09 INFO  : Context for processor 'microblaze_0' is selected.
08:59:09 INFO  : System reset is completed.
08:59:12 INFO  : 'after 3000' command is executed.
08:59:12 INFO  : Context for processor 'microblaze_0' is selected.
08:59:13 INFO  : The application '/home/user/projects/tetris/sdk/tetris/Debug/tetris.elf' is downloaded to processor 'microblaze_0'.
08:59:13 INFO  : ----------------XSDB Script----------------
connect -url tcp:127.0.0.1:3121
targets -set -filter {jtag_cable_name =~ "Xilinx Virtual Cable host.docker.internal:2542" && level==0 && jtag_device_ctx=="jsn-XVC-host.docker.internal:2542-0362f093-0"}
fpga -file /home/user/projects/tetris/sdk/tetris/_ide/bitstream/tetris_top.bit
targets -set -nocase -filter {name =~ "*microblaze*#0" && bscan=="USER2" }
loadhw -hw /home/user/projects/tetris/sdk/tetris_top/export/tetris_top/hw/tetris_top.xsa -regs
configparams mdm-detect-bscan-mask 2
targets -set -nocase -filter {name =~ "*microblaze*#0" && bscan=="USER2" }
rst -system
after 3000
targets -set -nocase -filter {name =~ "*microblaze*#0" && bscan=="USER2" }
dow /home/user/projects/tetris/sdk/tetris/Debug/tetris.elf
----------------End of Script----------------

08:59:14 INFO  : Context for processor 'microblaze_0' is selected.
08:59:14 INFO  : 'con' command is executed.
08:59:14 INFO  : ----------------XSDB Script (After Launch)----------------
targets -set -nocase -filter {name =~ "*microblaze*#0" && bscan=="USER2" }
con
----------------End of Script----------------

08:59:14 INFO  : Launch script is exported to file '/home/user/projects/tetris/sdk/tetris_system/_ide/scripts/debugger_tetris-default.tcl'
09:00:34 INFO  : Disconnected from the channel tcfchan#1.
09:00:35 INFO  : Connected to target on host '127.0.0.1' and port '3121'.
09:00:36 INFO  : Jtag cable 'Xilinx Virtual Cable host.docker.internal:2542' is selected.
09:00:36 INFO  : 'jtag frequency' command is executed.
09:00:36 INFO  : 'targets -set -filter {jtag_cable_name =~ "Xilinx Virtual Cable host.docker.internal:2542" && level==0 && jtag_device_ctx=="jsn-XVC-host.docker.internal:2542-0362f093-0"}' command is executed.
09:00:59 ERROR : fpga initialization failed
09:00:59 ERROR : Exception occured while running Program Device.
java.lang.RuntimeException: fpga initialization failed
09:00:59 INFO  : ----------------XSDB Script----------------
connect -url tcp:127.0.0.1:3121
----------------End of Script----------------

09:00:59 ERROR : fpga initialization failed
22:23:41 INFO  : Connected to target on host '127.0.0.1' and port '3121'.
22:23:42 INFO  : Jtag cable 'Xilinx Virtual Cable host.docker.internal:2542' is selected.
22:23:42 INFO  : 'jtag frequency' command is executed.
22:23:43 INFO  : 'targets -set -filter {jtag_cable_name =~ "Xilinx Virtual Cable host.docker.internal:2542" && level==0 && jtag_device_ctx=="jsn-XVC-host.docker.internal:2542-0362f093-0"}' command is executed.
22:23:59 INFO  : Device configured successfully with "/home/user/projects/tetris/sdk/tetris/_ide/bitstream/tetris_top.bit"
22:24:00 INFO  : Context for processor 'microblaze_0' is selected.
22:24:05 INFO  : Hardware design and registers information is loaded from '/home/user/projects/tetris/sdk/tetris_top/export/tetris_top/hw/tetris_top.xsa'.
22:24:05 INFO  : 'configparams mdm-detect-bscan-mask 2' command is executed.
22:24:05 INFO  : Context for processor 'microblaze_0' is selected.
22:24:05 INFO  : System reset is completed.
22:24:08 INFO  : 'after 3000' command is executed.
22:24:09 INFO  : Context for processor 'microblaze_0' is selected.
22:24:10 INFO  : The application '/home/user/projects/tetris/sdk/tetris/Debug/tetris.elf' is downloaded to processor 'microblaze_0'.
22:24:10 INFO  : ----------------XSDB Script----------------
connect -url tcp:127.0.0.1:3121
targets -set -filter {jtag_cable_name =~ "Xilinx Virtual Cable host.docker.internal:2542" && level==0 && jtag_device_ctx=="jsn-XVC-host.docker.internal:2542-0362f093-0"}
fpga -file /home/user/projects/tetris/sdk/tetris/_ide/bitstream/tetris_top.bit
targets -set -nocase -filter {name =~ "*microblaze*#0" && bscan=="USER2" }
loadhw -hw /home/user/projects/tetris/sdk/tetris_top/export/tetris_top/hw/tetris_top.xsa -regs
configparams mdm-detect-bscan-mask 2
targets -set -nocase -filter {name =~ "*microblaze*#0" && bscan=="USER2" }
rst -system
after 3000
targets -set -nocase -filter {name =~ "*microblaze*#0" && bscan=="USER2" }
dow /home/user/projects/tetris/sdk/tetris/Debug/tetris.elf
----------------End of Script----------------

22:24:10 INFO  : Context for processor 'microblaze_0' is selected.
22:24:10 INFO  : 'con' command is executed.
22:24:10 INFO  : ----------------XSDB Script (After Launch)----------------
targets -set -nocase -filter {name =~ "*microblaze*#0" && bscan=="USER2" }
con
----------------End of Script----------------

22:24:10 INFO  : Launch script is exported to file '/home/user/projects/tetris/sdk/tetris_system/_ide/scripts/debugger_tetris-default.tcl'
23:34:27 WARN  : channel "tcfchan#2" closed
23:51:34 DEBUG : Logs will be stored at '/home/user/projects/tetris/sdk/IDE.log'.
23:51:39 INFO  : Launching XSCT server: xsct -n  -interactive /home/user/projects/tetris/sdk/temp_xsdb_launch_script.tcl
23:51:59 INFO  : XSCT server has started successfully.
23:51:59 INFO  : plnx-install-location is set to ''
23:51:59 INFO  : Successfully done setting XSCT server connection channel  
23:51:59 INFO  : Successfully done setting workspace for the tool. 
23:52:21 INFO  : Successfully done query RDI_DATADIR 
23:52:21 INFO  : Platform repository initialization has completed.
23:52:26 INFO  : Registering command handlers for Vitis TCF services
23:53:29 INFO  : Hardware specification for platform project 'tetris_top' is updated.
23:54:15 INFO  : Result from executing command 'removePlatformRepo': 
23:56:46 INFO  : Result from executing command 'getProjects': tetris_top
23:56:46 INFO  : Result from executing command 'getPlatforms': 
23:56:51 INFO  : Checking for BSP changes to sync application flags for project 'tetris'...
23:57:40 INFO  : The hardware specification used by project 'tetris' is out of sync with the platform. Resource files extracted from the hardware specification will be updated.
23:57:40 INFO  : The file '/home/user/projects/tetris/sdk/tetris/_ide/bitstream/tetris_top.bit' stored in project is removed.
23:57:40 INFO  : The file '/home/user/projects/tetris/sdk/tetris/_ide/bitstream/tetris_top.mmi' stored in project is removed.
23:57:40 INFO  : The updated bitstream files are copied from platform to folder '/home/user/projects/tetris/sdk/tetris/_ide/bitstream' in project 'tetris'.
23:57:51 INFO  : Connected to target on host '127.0.0.1' and port '3121'.
23:57:52 INFO  : Jtag cable 'Xilinx Virtual Cable host.docker.internal:2542' is selected.
23:57:52 INFO  : 'jtag frequency' command is executed.
23:57:53 INFO  : 'targets -set -filter {jtag_cable_name =~ "Xilinx Virtual Cable host.docker.internal:2542" && level==0 && jtag_device_ctx=="jsn-XVC-host.docker.internal:2542-0362f093-0"}' command is executed.
23:58:16 ERROR : fpga initialization failed
23:58:16 ERROR : Exception occured while running Program Device.
java.lang.RuntimeException: fpga initialization failed
23:58:16 INFO  : ----------------XSDB Script----------------
connect -url tcp:127.0.0.1:3121
----------------End of Script----------------

23:58:16 ERROR : fpga initialization failed
23:58:22 INFO  : Connected to target on host '127.0.0.1' and port '3121'.
23:58:22 INFO  : Jtag cable 'Xilinx Virtual Cable host.docker.internal:2542' is selected.
23:58:23 INFO  : 'jtag frequency' command is executed.
23:58:23 INFO  : 'targets -set -filter {jtag_cable_name =~ "Xilinx Virtual Cable host.docker.internal:2542" && level==0 && jtag_device_ctx=="jsn-XVC-host.docker.internal:2542-0362f093-0"}' command is executed.
23:58:46 ERROR : fpga initialization failed
23:58:46 ERROR : Exception occured while running Program Device.
java.lang.RuntimeException: fpga initialization failed
23:58:46 INFO  : ----------------XSDB Script----------------
connect -url tcp:127.0.0.1:3121
----------------End of Script----------------

23:58:46 ERROR : fpga initialization failed
23:58:57 INFO  : Connected to target on host '127.0.0.1' and port '3121'.
23:59:07 INFO  : ----------------XSDB Script----------------
connect -url tcp:127.0.0.1:3121
----------------End of Script----------------

23:59:07 ERROR : Could not find FPGA device on the board for connection 'Local'.


Troubleshooting hints:
1. Check whether board is connected to system properly.
2. In case of zynq board, check whether Digilent/Xilinx cable switch settings are correct.
3. If you are using Xilinx Platform Cable USB, ensure that status LED is green.
23:59:14 INFO  : Connected to target on host '127.0.0.1' and port '3121'.
23:59:15 INFO  : Jtag cable 'Xilinx Virtual Cable host.docker.internal:2542' is selected.
23:59:15 INFO  : 'jtag frequency' command is executed.
23:59:15 INFO  : 'targets -set -filter {jtag_cable_name =~ "Xilinx Virtual Cable host.docker.internal:2542" && level==0 && jtag_device_ctx=="jsn-XVC-host.docker.internal:2542-0362f093-0"}' command is executed.
23:59:31 INFO  : Device configured successfully with "/home/user/projects/tetris/sdk/tetris/_ide/bitstream/tetris_top.bit"
23:59:32 INFO  : Context for processor 'microblaze_0' is selected.
23:59:32 INFO  : Hardware design and registers information is loaded from '/home/user/projects/tetris/sdk/tetris_top/export/tetris_top/hw/tetris_top.xsa'.
23:59:32 INFO  : 'configparams mdm-detect-bscan-mask 2' command is executed.
23:59:32 INFO  : Context for processor 'microblaze_0' is selected.
23:59:33 INFO  : System reset is completed.
23:59:36 INFO  : 'after 3000' command is executed.
23:59:36 INFO  : Context for processor 'microblaze_0' is selected.
23:59:37 INFO  : The application '/home/user/projects/tetris/sdk/tetris/Debug/tetris.elf' is downloaded to processor 'microblaze_0'.
23:59:37 INFO  : ----------------XSDB Script----------------
connect -url tcp:127.0.0.1:3121
targets -set -filter {jtag_cable_name =~ "Xilinx Virtual Cable host.docker.internal:2542" && level==0 && jtag_device_ctx=="jsn-XVC-host.docker.internal:2542-0362f093-0"}
fpga -file /home/user/projects/tetris/sdk/tetris/_ide/bitstream/tetris_top.bit
targets -set -nocase -filter {name =~ "*microblaze*#0" && bscan=="USER2" }
loadhw -hw /home/user/projects/tetris/sdk/tetris_top/export/tetris_top/hw/tetris_top.xsa -regs
configparams mdm-detect-bscan-mask 2
targets -set -nocase -filter {name =~ "*microblaze*#0" && bscan=="USER2" }
rst -system
after 3000
targets -set -nocase -filter {name =~ "*microblaze*#0" && bscan=="USER2" }
dow /home/user/projects/tetris/sdk/tetris/Debug/tetris.elf
----------------End of Script----------------

23:59:38 INFO  : Context for processor 'microblaze_0' is selected.
23:59:38 INFO  : 'con' command is executed.
23:59:38 INFO  : ----------------XSDB Script (After Launch)----------------
targets -set -nocase -filter {name =~ "*microblaze*#0" && bscan=="USER2" }
con
----------------End of Script----------------

23:59:38 INFO  : Launch script is exported to file '/home/user/projects/tetris/sdk/tetris_system/_ide/scripts/debugger_tetris-default.tcl'
00:18:07 INFO  : Hardware specification for platform project 'tetris_top' is updated.
00:18:20 INFO  : Disconnected from the channel tcfchan#3.
00:18:21 INFO  : Connected to target on host '127.0.0.1' and port '3121'.
00:18:21 INFO  : Jtag cable 'Xilinx Virtual Cable host.docker.internal:2542' is selected.
00:18:21 INFO  : 'jtag frequency' command is executed.
00:18:21 INFO  : 'targets -set -filter {jtag_cable_name =~ "Xilinx Virtual Cable host.docker.internal:2542" && level==0 && jtag_device_ctx=="jsn-XVC-host.docker.internal:2542-0362f093-0"}' command is executed.
00:18:44 ERROR : fpga initialization failed
00:18:45 ERROR : Exception occured while running Program Device.
java.lang.RuntimeException: fpga initialization failed
00:18:45 INFO  : ----------------XSDB Script----------------
connect -url tcp:127.0.0.1:3121
----------------End of Script----------------

00:18:45 ERROR : fpga initialization failed
00:18:55 INFO  : Connected to target on host '127.0.0.1' and port '3121'.
00:19:05 INFO  : ----------------XSDB Script----------------
connect -url tcp:127.0.0.1:3121
----------------End of Script----------------

00:19:05 ERROR : Could not find FPGA device on the board for connection 'Local'.


Troubleshooting hints:
1. Check whether board is connected to system properly.
2. In case of zynq board, check whether Digilent/Xilinx cable switch settings are correct.
3. If you are using Xilinx Platform Cable USB, ensure that status LED is green.
00:19:10 INFO  : Connected to target on host '127.0.0.1' and port '3121'.
00:19:11 INFO  : Jtag cable 'Xilinx Virtual Cable host.docker.internal:2542' is selected.
00:19:11 INFO  : 'jtag frequency' command is executed.
00:19:12 INFO  : 'targets -set -filter {jtag_cable_name =~ "Xilinx Virtual Cable host.docker.internal:2542" && level==0 && jtag_device_ctx=="jsn-XVC-host.docker.internal:2542-0362f093-0"}' command is executed.
00:19:28 INFO  : Device configured successfully with "/home/user/projects/tetris/sdk/tetris/_ide/bitstream/tetris_top.bit"
00:19:28 INFO  : Context for processor 'microblaze_0' is selected.
00:19:28 INFO  : Hardware design and registers information is loaded from '/home/user/projects/tetris/sdk/tetris_top/export/tetris_top/hw/tetris_top.xsa'.
00:19:28 INFO  : 'configparams mdm-detect-bscan-mask 2' command is executed.
00:19:28 INFO  : Context for processor 'microblaze_0' is selected.
00:19:29 INFO  : System reset is completed.
00:19:32 INFO  : 'after 3000' command is executed.
00:19:32 INFO  : Context for processor 'microblaze_0' is selected.
00:19:33 INFO  : The application '/home/user/projects/tetris/sdk/tetris/Debug/tetris.elf' is downloaded to processor 'microblaze_0'.
00:19:33 INFO  : ----------------XSDB Script----------------
connect -url tcp:127.0.0.1:3121
targets -set -filter {jtag_cable_name =~ "Xilinx Virtual Cable host.docker.internal:2542" && level==0 && jtag_device_ctx=="jsn-XVC-host.docker.internal:2542-0362f093-0"}
fpga -file /home/user/projects/tetris/sdk/tetris/_ide/bitstream/tetris_top.bit
targets -set -nocase -filter {name =~ "*microblaze*#0" && bscan=="USER2" }
loadhw -hw /home/user/projects/tetris/sdk/tetris_top/export/tetris_top/hw/tetris_top.xsa -regs
configparams mdm-detect-bscan-mask 2
targets -set -nocase -filter {name =~ "*microblaze*#0" && bscan=="USER2" }
rst -system
after 3000
targets -set -nocase -filter {name =~ "*microblaze*#0" && bscan=="USER2" }
dow /home/user/projects/tetris/sdk/tetris/Debug/tetris.elf
----------------End of Script----------------

00:19:33 INFO  : Context for processor 'microblaze_0' is selected.
00:19:33 INFO  : 'con' command is executed.
00:19:33 INFO  : ----------------XSDB Script (After Launch)----------------
targets -set -nocase -filter {name =~ "*microblaze*#0" && bscan=="USER2" }
con
----------------End of Script----------------

00:19:33 INFO  : Launch script is exported to file '/home/user/projects/tetris/sdk/tetris_system/_ide/scripts/debugger_tetris-default.tcl'
00:20:00 INFO  : Hardware specification for platform project 'tetris_top' is updated.
00:20:26 INFO  : Result from executing command 'removePlatformRepo': 
00:23:30 INFO  : Result from executing command 'getProjects': tetris_top
00:23:30 INFO  : Result from executing command 'getPlatforms': 
00:23:35 INFO  : Checking for BSP changes to sync application flags for project 'tetris'...
00:24:09 INFO  : The hardware specification used by project 'tetris' is out of sync with the platform. Resource files extracted from the hardware specification will be updated.
00:24:09 INFO  : The file '/home/user/projects/tetris/sdk/tetris/_ide/bitstream/tetris_top.bit' stored in project is removed.
00:24:09 INFO  : The file '/home/user/projects/tetris/sdk/tetris/_ide/bitstream/tetris_top.mmi' stored in project is removed.
00:24:09 INFO  : The updated bitstream files are copied from platform to folder '/home/user/projects/tetris/sdk/tetris/_ide/bitstream' in project 'tetris'.
00:24:53 INFO  : Disconnected from the channel tcfchan#4.
00:24:54 INFO  : Connected to target on host '127.0.0.1' and port '3121'.
00:24:55 INFO  : Jtag cable 'Xilinx Virtual Cable host.docker.internal:2542' is selected.
00:24:55 INFO  : 'jtag frequency' command is executed.
00:24:55 INFO  : 'targets -set -filter {jtag_cable_name =~ "Xilinx Virtual Cable host.docker.internal:2542" && level==0 && jtag_device_ctx=="jsn-XVC-host.docker.internal:2542-0362f093-0"}' command is executed.
00:25:05 ERROR : 'fpga -file /home/user/projects/tetris/sdk/tetris/_ide/bitstream/tetris_top.bit' is cancelled.
00:25:05 ERROR : Exception occured while running Program Device.
java.lang.RuntimeException: 'fpga -file /home/user/projects/tetris/sdk/tetris/_ide/bitstream/tetris_top.bit' is cancelled.
00:25:05 INFO  : ----------------XSDB Script----------------
connect -url tcp:127.0.0.1:3121
----------------End of Script----------------

00:25:05 ERROR : 'fpga -file /home/user/projects/tetris/sdk/tetris/_ide/bitstream/tetris_top.bit' is cancelled.
00:25:15 INFO  : Connected to target on host '127.0.0.1' and port '3121'.
00:25:25 INFO  : ----------------XSDB Script----------------
connect -url tcp:127.0.0.1:3121
----------------End of Script----------------

00:25:25 ERROR : Could not find FPGA device on the board for connection 'Local'.


Troubleshooting hints:
1. Check whether board is connected to system properly.
2. In case of zynq board, check whether Digilent/Xilinx cable switch settings are correct.
3. If you are using Xilinx Platform Cable USB, ensure that status LED is green.
00:25:29 INFO  : Connected to target on host '127.0.0.1' and port '3121'.
00:25:29 INFO  : Jtag cable 'Xilinx Virtual Cable host.docker.internal:2542' is selected.
00:25:29 INFO  : 'jtag frequency' command is executed.
00:25:30 INFO  : 'targets -set -filter {jtag_cable_name =~ "Xilinx Virtual Cable host.docker.internal:2542" && level==0 && jtag_device_ctx=="jsn-XVC-host.docker.internal:2542-0362f093-0"}' command is executed.
00:25:46 INFO  : Device configured successfully with "/home/user/projects/tetris/sdk/tetris/_ide/bitstream/tetris_top.bit"
00:25:46 INFO  : Context for processor 'microblaze_0' is selected.
00:25:46 INFO  : Hardware design and registers information is loaded from '/home/user/projects/tetris/sdk/tetris_top/export/tetris_top/hw/tetris_top.xsa'.
00:25:46 INFO  : 'configparams mdm-detect-bscan-mask 2' command is executed.
00:25:46 INFO  : Context for processor 'microblaze_0' is selected.
00:25:46 INFO  : System reset is completed.
00:25:49 INFO  : 'after 3000' command is executed.
00:25:50 INFO  : Context for processor 'microblaze_0' is selected.
00:25:51 INFO  : The application '/home/user/projects/tetris/sdk/tetris/Debug/tetris.elf' is downloaded to processor 'microblaze_0'.
00:25:51 INFO  : ----------------XSDB Script----------------
connect -url tcp:127.0.0.1:3121
targets -set -filter {jtag_cable_name =~ "Xilinx Virtual Cable host.docker.internal:2542" && level==0 && jtag_device_ctx=="jsn-XVC-host.docker.internal:2542-0362f093-0"}
fpga -file /home/user/projects/tetris/sdk/tetris/_ide/bitstream/tetris_top.bit
targets -set -nocase -filter {name =~ "*microblaze*#0" && bscan=="USER2" }
loadhw -hw /home/user/projects/tetris/sdk/tetris_top/export/tetris_top/hw/tetris_top.xsa -regs
configparams mdm-detect-bscan-mask 2
targets -set -nocase -filter {name =~ "*microblaze*#0" && bscan=="USER2" }
rst -system
after 3000
targets -set -nocase -filter {name =~ "*microblaze*#0" && bscan=="USER2" }
dow /home/user/projects/tetris/sdk/tetris/Debug/tetris.elf
----------------End of Script----------------

00:25:51 INFO  : Context for processor 'microblaze_0' is selected.
00:25:51 INFO  : 'con' command is executed.
00:25:51 INFO  : ----------------XSDB Script (After Launch)----------------
targets -set -nocase -filter {name =~ "*microblaze*#0" && bscan=="USER2" }
con
----------------End of Script----------------

00:25:51 INFO  : Launch script is exported to file '/home/user/projects/tetris/sdk/tetris_system/_ide/scripts/debugger_tetris-default.tcl'
02:00:11 INFO  : Hardware specification for platform project 'tetris_top' is updated.
02:00:49 INFO  : Result from executing command 'removePlatformRepo': 
02:32:14 DEBUG : Logs will be stored at '/home/user/projects/tetris/sdk/IDE.log'.
02:32:19 INFO  : Launching XSCT server: xsct -n  -interactive /home/user/projects/tetris/sdk/temp_xsdb_launch_script.tcl
02:32:33 INFO  : XSCT server has started successfully.
02:32:33 INFO  : plnx-install-location is set to ''
02:32:33 INFO  : Successfully done setting XSCT server connection channel  
02:32:33 INFO  : Successfully done setting workspace for the tool. 
02:32:42 INFO  : Platform repository initialization has completed.
02:32:43 INFO  : Successfully done query RDI_DATADIR 
02:32:50 INFO  : Registering command handlers for Vitis TCF services
02:33:15 INFO  : Hardware specification for platform project 'tetris_top' is updated.
02:33:45 ERROR : Error from executing command 'removePlatformRepo': ERROR: No valid directory exists at given path.
02:34:31 ERROR : Error from executing command 'removePlatformRepo': ERROR: No valid directory exists at given path.
02:37:09 INFO  : Result from executing command 'getProjects': tetris_top
02:37:09 INFO  : Result from executing command 'getPlatforms': 
02:37:13 INFO  : Checking for BSP changes to sync application flags for project 'tetris'...
02:37:52 INFO  : The hardware specification used by project 'tetris' is out of sync with the platform. Resource files extracted from the hardware specification will be updated.
02:37:52 INFO  : The file '/home/user/projects/tetris/sdk/tetris/_ide/bitstream/tetris_top.bit' stored in project is removed.
02:37:52 INFO  : The file '/home/user/projects/tetris/sdk/tetris/_ide/bitstream/tetris_top.mmi' stored in project is removed.
02:37:52 INFO  : The updated bitstream files are copied from platform to folder '/home/user/projects/tetris/sdk/tetris/_ide/bitstream' in project 'tetris'.
02:38:15 INFO  : Connected to target on host '127.0.0.1' and port '3121'.
02:38:16 INFO  : Jtag cable 'Xilinx Virtual Cable host.docker.internal:2542' is selected.
02:38:17 INFO  : 'jtag frequency' command is executed.
02:38:17 INFO  : 'targets -set -filter {jtag_cable_name =~ "Xilinx Virtual Cable host.docker.internal:2542" && level==0 && jtag_device_ctx=="jsn-XVC-host.docker.internal:2542-0362f093-0"}' command is executed.
02:38:33 INFO  : Device configured successfully with "/home/user/projects/tetris/sdk/tetris/_ide/bitstream/tetris_top.bit"
02:38:34 INFO  : Context for processor 'microblaze_0' is selected.
02:38:34 INFO  : Hardware design and registers information is loaded from '/home/user/projects/tetris/sdk/tetris_top/export/tetris_top/hw/tetris_top.xsa'.
02:38:34 INFO  : 'configparams mdm-detect-bscan-mask 2' command is executed.
02:38:34 INFO  : Context for processor 'microblaze_0' is selected.
02:38:34 INFO  : System reset is completed.
02:38:37 INFO  : 'after 3000' command is executed.
02:38:38 INFO  : Context for processor 'microblaze_0' is selected.
02:38:39 INFO  : The application '/home/user/projects/tetris/sdk/tetris/Debug/tetris.elf' is downloaded to processor 'microblaze_0'.
02:38:39 INFO  : ----------------XSDB Script----------------
connect -url tcp:127.0.0.1:3121
targets -set -filter {jtag_cable_name =~ "Xilinx Virtual Cable host.docker.internal:2542" && level==0 && jtag_device_ctx=="jsn-XVC-host.docker.internal:2542-0362f093-0"}
fpga -file /home/user/projects/tetris/sdk/tetris/_ide/bitstream/tetris_top.bit
targets -set -nocase -filter {name =~ "*microblaze*#0" && bscan=="USER2" }
loadhw -hw /home/user/projects/tetris/sdk/tetris_top/export/tetris_top/hw/tetris_top.xsa -regs
configparams mdm-detect-bscan-mask 2
targets -set -nocase -filter {name =~ "*microblaze*#0" && bscan=="USER2" }
rst -system
after 3000
targets -set -nocase -filter {name =~ "*microblaze*#0" && bscan=="USER2" }
dow /home/user/projects/tetris/sdk/tetris/Debug/tetris.elf
----------------End of Script----------------

02:38:39 INFO  : Context for processor 'microblaze_0' is selected.
02:38:39 INFO  : 'con' command is executed.
02:38:39 INFO  : ----------------XSDB Script (After Launch)----------------
targets -set -nocase -filter {name =~ "*microblaze*#0" && bscan=="USER2" }
con
----------------End of Script----------------

02:38:39 INFO  : Launch script is exported to file '/home/user/projects/tetris/sdk/tetris_system/_ide/scripts/debugger_tetris-default.tcl'
05:08:56 WARN  : channel "tcfchan#4" closed
05:38:12 DEBUG : Logs will be stored at '/home/user/projects/tetris/sdk/IDE.log'.
05:38:19 INFO  : Launching XSCT server: xsct -n  -interactive /home/user/projects/tetris/sdk/temp_xsdb_launch_script.tcl
05:38:41 INFO  : XSCT server has started successfully.
05:38:41 INFO  : plnx-install-location is set to ''
05:38:41 INFO  : Successfully done setting XSCT server connection channel  
05:38:41 INFO  : Successfully done setting workspace for the tool. 
05:38:58 INFO  : Platform repository initialization has completed.
05:38:59 INFO  : Successfully done query RDI_DATADIR 
05:39:05 INFO  : Registering command handlers for Vitis TCF services
05:39:58 INFO  : Hardware specification for platform project 'tetris_top' is updated.
05:40:41 INFO  : Result from executing command 'removePlatformRepo': 
05:44:44 INFO  : Result from executing command 'getProjects': tetris_top
05:44:44 INFO  : Result from executing command 'getPlatforms': 
05:44:49 INFO  : Checking for BSP changes to sync application flags for project 'tetris'...
05:45:47 INFO  : The hardware specification used by project 'tetris' is out of sync with the platform. Resource files extracted from the hardware specification will be updated.
05:45:47 INFO  : The file '/home/user/projects/tetris/sdk/tetris/_ide/bitstream/tetris_top.bit' stored in project is removed.
05:45:47 INFO  : The file '/home/user/projects/tetris/sdk/tetris/_ide/bitstream/tetris_top.mmi' stored in project is removed.
05:45:47 INFO  : The updated bitstream files are copied from platform to folder '/home/user/projects/tetris/sdk/tetris/_ide/bitstream' in project 'tetris'.
05:46:21 INFO  : Connected to target on host '127.0.0.1' and port '3121'.
05:46:24 INFO  : Jtag cable 'Xilinx Virtual Cable host.docker.internal:2542' is selected.
05:46:24 INFO  : 'jtag frequency' command is executed.
05:46:25 INFO  : 'targets -set -filter {jtag_cable_name =~ "Xilinx Virtual Cable host.docker.internal:2542" && level==0 && jtag_device_ctx=="jsn-XVC-host.docker.internal:2542-0362f093-0"}' command is executed.
05:46:41 INFO  : Device configured successfully with "/home/user/projects/tetris/sdk/tetris/_ide/bitstream/tetris_top.bit"
05:46:42 INFO  : Context for processor 'microblaze_0' is selected.
05:46:42 INFO  : Hardware design and registers information is loaded from '/home/user/projects/tetris/sdk/tetris_top/export/tetris_top/hw/tetris_top.xsa'.
05:46:42 INFO  : 'configparams mdm-detect-bscan-mask 2' command is executed.
05:46:42 INFO  : Context for processor 'microblaze_0' is selected.
05:46:43 INFO  : System reset is completed.
05:46:46 INFO  : 'after 3000' command is executed.
05:46:46 INFO  : Context for processor 'microblaze_0' is selected.
05:46:47 INFO  : The application '/home/user/projects/tetris/sdk/tetris/Debug/tetris.elf' is downloaded to processor 'microblaze_0'.
05:46:47 INFO  : ----------------XSDB Script----------------
connect -url tcp:127.0.0.1:3121
targets -set -filter {jtag_cable_name =~ "Xilinx Virtual Cable host.docker.internal:2542" && level==0 && jtag_device_ctx=="jsn-XVC-host.docker.internal:2542-0362f093-0"}
fpga -file /home/user/projects/tetris/sdk/tetris/_ide/bitstream/tetris_top.bit
targets -set -nocase -filter {name =~ "*microblaze*#0" && bscan=="USER2" }
loadhw -hw /home/user/projects/tetris/sdk/tetris_top/export/tetris_top/hw/tetris_top.xsa -regs
configparams mdm-detect-bscan-mask 2
targets -set -nocase -filter {name =~ "*microblaze*#0" && bscan=="USER2" }
rst -system
after 3000
targets -set -nocase -filter {name =~ "*microblaze*#0" && bscan=="USER2" }
dow /home/user/projects/tetris/sdk/tetris/Debug/tetris.elf
----------------End of Script----------------

05:46:48 INFO  : Context for processor 'microblaze_0' is selected.
05:46:48 INFO  : 'con' command is executed.
05:46:48 INFO  : ----------------XSDB Script (After Launch)----------------
targets -set -nocase -filter {name =~ "*microblaze*#0" && bscan=="USER2" }
con
----------------End of Script----------------

05:46:48 INFO  : Launch script is exported to file '/home/user/projects/tetris/sdk/tetris_system/_ide/scripts/debugger_tetris-default.tcl'
07:14:24 WARN  : channel "tcfchan#3" closed
07:49:41 DEBUG : Logs will be stored at '/home/user/projects/tetris/sdk/IDE.log'.
07:49:45 INFO  : Launching XSCT server: xsct -n  -interactive /home/user/projects/tetris/sdk/temp_xsdb_launch_script.tcl
07:50:03 INFO  : XSCT server has started successfully.
07:50:03 INFO  : Successfully done setting XSCT server connection channel  
07:50:03 INFO  : plnx-install-location is set to ''
07:50:03 INFO  : Successfully done setting workspace for the tool. 
07:50:12 INFO  : Platform repository initialization has completed.
07:50:12 INFO  : Successfully done query RDI_DATADIR 
07:50:13 INFO  : Registering command handlers for Vitis TCF services
07:52:59 INFO  : Hardware specification for platform project 'tetris_top' is updated.
07:53:43 INFO  : Result from executing command 'removePlatformRepo': 
07:56:48 INFO  : Result from executing command 'getProjects': tetris_top
07:56:48 INFO  : Result from executing command 'getPlatforms': 
07:56:52 INFO  : Checking for BSP changes to sync application flags for project 'tetris'...
07:57:36 INFO  : The hardware specification used by project 'tetris' is out of sync with the platform. Resource files extracted from the hardware specification will be updated.
07:57:36 INFO  : The file '/home/user/projects/tetris/sdk/tetris/_ide/bitstream/tetris_top.bit' stored in project is removed.
07:57:36 INFO  : The file '/home/user/projects/tetris/sdk/tetris/_ide/bitstream/tetris_top.mmi' stored in project is removed.
07:57:37 INFO  : The updated bitstream files are copied from platform to folder '/home/user/projects/tetris/sdk/tetris/_ide/bitstream' in project 'tetris'.
20:31:29 INFO  : Connected to target on host '127.0.0.1' and port '3121'.
20:31:31 INFO  : Jtag cable 'Xilinx Virtual Cable host.docker.internal:2542' is selected.
20:31:31 INFO  : 'jtag frequency' command is executed.
20:31:32 INFO  : 'targets -set -filter {jtag_cable_name =~ "Xilinx Virtual Cable host.docker.internal:2542" && level==0 && jtag_device_ctx=="jsn-XVC-host.docker.internal:2542-0362f093-0"}' command is executed.
20:31:48 INFO  : Device configured successfully with "/home/user/projects/tetris/sdk/tetris/_ide/bitstream/tetris_top.bit"
20:31:49 INFO  : Context for processor 'microblaze_0' is selected.
20:31:49 INFO  : Hardware design and registers information is loaded from '/home/user/projects/tetris/sdk/tetris_top/export/tetris_top/hw/tetris_top.xsa'.
20:31:49 INFO  : 'configparams mdm-detect-bscan-mask 2' command is executed.
20:31:49 INFO  : Context for processor 'microblaze_0' is selected.
20:31:49 INFO  : System reset is completed.
20:31:52 INFO  : 'after 3000' command is executed.
20:31:53 INFO  : Context for processor 'microblaze_0' is selected.
20:31:54 INFO  : The application '/home/user/projects/tetris/sdk/tetris/Debug/tetris.elf' is downloaded to processor 'microblaze_0'.
20:31:54 INFO  : ----------------XSDB Script----------------
connect -url tcp:127.0.0.1:3121
targets -set -filter {jtag_cable_name =~ "Xilinx Virtual Cable host.docker.internal:2542" && level==0 && jtag_device_ctx=="jsn-XVC-host.docker.internal:2542-0362f093-0"}
fpga -file /home/user/projects/tetris/sdk/tetris/_ide/bitstream/tetris_top.bit
targets -set -nocase -filter {name =~ "*microblaze*#0" && bscan=="USER2" }
loadhw -hw /home/user/projects/tetris/sdk/tetris_top/export/tetris_top/hw/tetris_top.xsa -regs
configparams mdm-detect-bscan-mask 2
targets -set -nocase -filter {name =~ "*microblaze*#0" && bscan=="USER2" }
rst -system
after 3000
targets -set -nocase -filter {name =~ "*microblaze*#0" && bscan=="USER2" }
dow /home/user/projects/tetris/sdk/tetris/Debug/tetris.elf
----------------End of Script----------------

20:31:55 INFO  : Context for processor 'microblaze_0' is selected.
20:31:55 INFO  : 'con' command is executed.
20:31:55 INFO  : ----------------XSDB Script (After Launch)----------------
targets -set -nocase -filter {name =~ "*microblaze*#0" && bscan=="USER2" }
con
----------------End of Script----------------

20:31:55 INFO  : Launch script is exported to file '/home/user/projects/tetris/sdk/tetris_system/_ide/scripts/debugger_tetris-default.tcl'
